[2024-12-13 09:58:57] local.ERROR: syntax error, unexpected token "}", expecting "," or ";" {"exception":"[object] (Symfony\\Component\\ErrorHandler\\Error\\FatalError(code: 0): syntax error, unexpected token \"}\", expecting \",\" or \";\" at D:\\laragon\\www\\FilamentBasicProductCatalog\\app\\Models\\Product.php:18)
[stacktrace]
#0 {main}
"} 
[2024-12-13 10:04:09] local.ERROR: SQLSTATE[23000]: Integrity constraint violation: 19 NOT NULL constraint failed: products.image (Connection: sqlite, SQL: insert into "products" ("category_id", "name", "description", "image", "unit_price", "updated_at", "created_at") values (1, Laptop, A laptop computer., ?, 500, 2024-12-13 10:04:09, 2024-12-13 10:04:09)) {"exception":"[object] (Illuminate\\Database\\QueryException(code: 23000): SQLSTATE[23000]: Integrity constraint violation: 19 NOT NULL constraint failed: products.image (Connection: sqlite, SQL: insert into \"products\" (\"category_id\", \"name\", \"description\", \"image\", \"unit_price\", \"updated_at\", \"created_at\") values (1, Laptop, A laptop computer., ?, 500, 2024-12-13 10:04:09, 2024-12-13 10:04:09)) at D:\\laragon\\www\\FilamentBasicProductCatalog\\vendor\\laravel\\framework\\src\\Illuminate\\Database\\Connection.php:825)
[stacktrace]
#0 D:\\laragon\\www\\FilamentBasicProductCatalog\\vendor\\laravel\\framework\\src\\Illuminate\\Database\\Connection.php(779): Illuminate\\Database\\Connection->runQueryCallback('insert into \"pr...', Array, Object(Closure))
#1 D:\\laragon\\www\\FilamentBasicProductCatalog\\vendor\\laravel\\framework\\src\\Illuminate\\Database\\Connection.php(560): Illuminate\\Database\\Connection->run('insert into \"pr...', Array, Object(Closure))
#2 D:\\laragon\\www\\FilamentBasicProductCatalog\\vendor\\laravel\\framework\\src\\Illuminate\\Database\\Connection.php(524): Illuminate\\Database\\Connection->statement('insert into \"pr...', Array)
#3 D:\\laragon\\www\\FilamentBasicProductCatalog\\vendor\\laravel\\framework\\src\\Illuminate\\Database\\Query\\Processors\\Processor.php(32): Illuminate\\Database\\Connection->insert('insert into \"pr...', Array)
#4 D:\\laragon\\www\\FilamentBasicProductCatalog\\vendor\\laravel\\framework\\src\\Illuminate\\Database\\Query\\Builder.php(3799): Illuminate\\Database\\Query\\Processors\\Processor->processInsertGetId(Object(Illuminate\\Database\\Query\\Builder), 'insert into \"pr...', Array, 'id')
#5 D:\\laragon\\www\\FilamentBasicProductCatalog\\vendor\\laravel\\framework\\src\\Illuminate\\Database\\Eloquent\\Builder.php(2050): Illuminate\\Database\\Query\\Builder->insertGetId(Array, 'id')
#6 D:\\laragon\\www\\FilamentBasicProductCatalog\\vendor\\laravel\\framework\\src\\Illuminate\\Database\\Eloquent\\Model.php(1358): Illuminate\\Database\\Eloquent\\Builder->__call('insertGetId', Array)
#7 D:\\laragon\\www\\FilamentBasicProductCatalog\\vendor\\laravel\\framework\\src\\Illuminate\\Database\\Eloquent\\Model.php(1323): Illuminate\\Database\\Eloquent\\Model->insertAndSetId(Object(Illuminate\\Database\\Eloquent\\Builder), Array)
#8 D:\\laragon\\www\\FilamentBasicProductCatalog\\vendor\\laravel\\framework\\src\\Illuminate\\Database\\Eloquent\\Model.php(1162): Illuminate\\Database\\Eloquent\\Model->performInsert(Object(Illuminate\\Database\\Eloquent\\Builder))
#9 D:\\laragon\\www\\FilamentBasicProductCatalog\\vendor\\laravel\\framework\\src\\Illuminate\\Database\\Eloquent\\Builder.php(1080): Illuminate\\Database\\Eloquent\\Model->save()
#10 D:\\laragon\\www\\FilamentBasicProductCatalog\\vendor\\laravel\\framework\\src\\Illuminate\\Support\\helpers.php(393): Illuminate\\Database\\Eloquent\\Builder->Illuminate\\Database\\Eloquent\\{closure}(Object(App\\Models\\Product))
#11 D:\\laragon\\www\\FilamentBasicProductCatalog\\vendor\\laravel\\framework\\src\\Illuminate\\Database\\Eloquent\\Builder.php(1079): tap(Object(App\\Models\\Product), Object(Closure))
#12 D:\\laragon\\www\\FilamentBasicProductCatalog\\vendor\\laravel\\framework\\src\\Illuminate\\Support\\Traits\\ForwardsCalls.php(23): Illuminate\\Database\\Eloquent\\Builder->create(Array)
#13 D:\\laragon\\www\\FilamentBasicProductCatalog\\vendor\\laravel\\framework\\src\\Illuminate\\Database\\Eloquent\\Model.php(2367): Illuminate\\Database\\Eloquent\\Model->forwardCallTo(Object(Illuminate\\Database\\Eloquent\\Builder), 'create', Array)
#14 D:\\laragon\\www\\FilamentBasicProductCatalog\\vendor\\laravel\\framework\\src\\Illuminate\\Database\\Eloquent\\Model.php(2379): Illuminate\\Database\\Eloquent\\Model->__call('create', Array)
#15 D:\\laragon\\www\\FilamentBasicProductCatalog\\database\\seeders\\ProductSeeder.php(16): Illuminate\\Database\\Eloquent\\Model::__callStatic('create', Array)
#16 D:\\laragon\\www\\FilamentBasicProductCatalog\\vendor\\laravel\\framework\\src\\Illuminate\\Container\\BoundMethod.php(36): Database\\Seeders\\ProductSeeder->run()
#17 D:\\laragon\\www\\FilamentBasicProductCatalog\\vendor\\laravel\\framework\\src\\Illuminate\\Container\\Util.php(43): Illuminate\\Container\\BoundMethod::Illuminate\\Container\\{closure}()
#18 D:\\laragon\\www\\FilamentBasicProductCatalog\\vendor\\laravel\\framework\\src\\Illuminate\\Container\\BoundMethod.php(95): Illuminate\\Container\\Util::unwrapIfClosure(Object(Closure))
#19 D:\\laragon\\www\\FilamentBasicProductCatalog\\vendor\\laravel\\framework\\src\\Illuminate\\Container\\BoundMethod.php(35): Illuminate\\Container\\BoundMethod::callBoundMethod(Object(Illuminate\\Foundation\\Application), Array, Object(Closure))
#20 D:\\laragon\\www\\FilamentBasicProductCatalog\\vendor\\laravel\\framework\\src\\Illuminate\\Container\\Container.php(694): Illuminate\\Container\\BoundMethod::call(Object(Illuminate\\Foundation\\Application), Array, Array, NULL)
#21 D:\\laragon\\www\\FilamentBasicProductCatalog\\vendor\\laravel\\framework\\src\\Illuminate\\Database\\Seeder.php(184): Illuminate\\Container\\Container->call(Array, Array)
#22 D:\\laragon\\www\\FilamentBasicProductCatalog\\vendor\\laravel\\framework\\src\\Illuminate\\Database\\Seeder.php(193): Illuminate\\Database\\Seeder->Illuminate\\Database\\{closure}()
#23 D:\\laragon\\www\\FilamentBasicProductCatalog\\vendor\\laravel\\framework\\src\\Illuminate\\Database\\Seeder.php(61): Illuminate\\Database\\Seeder->__invoke(Array)
#24 D:\\laragon\\www\\FilamentBasicProductCatalog\\database\\seeders\\DatabaseSeeder.php(23): Illuminate\\Database\\Seeder->call('Database\\\\Seeder...')
#25 D:\\laragon\\www\\FilamentBasicProductCatalog\\vendor\\laravel\\framework\\src\\Illuminate\\Container\\BoundMethod.php(36): Database\\Seeders\\DatabaseSeeder->run()
#26 D:\\laragon\\www\\FilamentBasicProductCatalog\\vendor\\laravel\\framework\\src\\Illuminate\\Container\\Util.php(43): Illuminate\\Container\\BoundMethod::Illuminate\\Container\\{closure}()
#27 D:\\laragon\\www\\FilamentBasicProductCatalog\\vendor\\laravel\\framework\\src\\Illuminate\\Container\\BoundMethod.php(95): Illuminate\\Container\\Util::unwrapIfClosure(Object(Closure))
#28 D:\\laragon\\www\\FilamentBasicProductCatalog\\vendor\\laravel\\framework\\src\\Illuminate\\Container\\BoundMethod.php(35): Illuminate\\Container\\BoundMethod::callBoundMethod(Object(Illuminate\\Foundation\\Application), Array, Object(Closure))
#29 D:\\laragon\\www\\FilamentBasicProductCatalog\\vendor\\laravel\\framework\\src\\Illuminate\\Container\\Container.php(694): Illuminate\\Container\\BoundMethod::call(Object(Illuminate\\Foundation\\Application), Array, Array, NULL)
#30 D:\\laragon\\www\\FilamentBasicProductCatalog\\vendor\\laravel\\framework\\src\\Illuminate\\Database\\Seeder.php(184): Illuminate\\Container\\Container->call(Array, Array)
#31 D:\\laragon\\www\\FilamentBasicProductCatalog\\vendor\\laravel\\framework\\src\\Illuminate\\Database\\Seeder.php(193): Illuminate\\Database\\Seeder->Illuminate\\Database\\{closure}()
#32 D:\\laragon\\www\\FilamentBasicProductCatalog\\vendor\\laravel\\framework\\src\\Illuminate\\Database\\Console\\Seeds\\SeedCommand.php(70): Illuminate\\Database\\Seeder->__invoke()
#33 D:\\laragon\\www\\FilamentBasicProductCatalog\\vendor\\laravel\\framework\\src\\Illuminate\\Database\\Eloquent\\Concerns\\GuardsAttributes.php(155): Illuminate\\Database\\Console\\Seeds\\SeedCommand->Illuminate\\Database\\Console\\Seeds\\{closure}()
#34 D:\\laragon\\www\\FilamentBasicProductCatalog\\vendor\\laravel\\framework\\src\\Illuminate\\Database\\Console\\Seeds\\SeedCommand.php(69): Illuminate\\Database\\Eloquent\\Model::unguarded(Object(Closure))
#35 D:\\laragon\\www\\FilamentBasicProductCatalog\\vendor\\laravel\\framework\\src\\Illuminate\\Container\\BoundMethod.php(36): Illuminate\\Database\\Console\\Seeds\\SeedCommand->handle()
#36 D:\\laragon\\www\\FilamentBasicProductCatalog\\vendor\\laravel\\framework\\src\\Illuminate\\Container\\Util.php(43): Illuminate\\Container\\BoundMethod::Illuminate\\Container\\{closure}()
#37 D:\\laragon\\www\\FilamentBasicProductCatalog\\vendor\\laravel\\framework\\src\\Illuminate\\Container\\BoundMethod.php(95): Illuminate\\Container\\Util::unwrapIfClosure(Object(Closure))
#38 D:\\laragon\\www\\FilamentBasicProductCatalog\\vendor\\laravel\\framework\\src\\Illuminate\\Container\\BoundMethod.php(35): Illuminate\\Container\\BoundMethod::callBoundMethod(Object(Illuminate\\Foundation\\Application), Array, Object(Closure))
#39 D:\\laragon\\www\\FilamentBasicProductCatalog\\vendor\\laravel\\framework\\src\\Illuminate\\Container\\Container.php(694): Illuminate\\Container\\BoundMethod::call(Object(Illuminate\\Foundation\\Application), Array, Array, NULL)
#40 D:\\laragon\\www\\FilamentBasicProductCatalog\\vendor\\laravel\\framework\\src\\Illuminate\\Console\\Command.php(213): Illuminate\\Container\\Container->call(Array)
#41 D:\\laragon\\www\\FilamentBasicProductCatalog\\vendor\\symfony\\console\\Command\\Command.php(279): Illuminate\\Console\\Command->execute(Object(Symfony\\Component\\Console\\Input\\ArrayInput), Object(Illuminate\\Console\\OutputStyle))
#42 D:\\laragon\\www\\FilamentBasicProductCatalog\\vendor\\laravel\\framework\\src\\Illuminate\\Console\\Command.php(182): Symfony\\Component\\Console\\Command\\Command->run(Object(Symfony\\Component\\Console\\Input\\ArrayInput), Object(Illuminate\\Console\\OutputStyle))
#43 D:\\laragon\\www\\FilamentBasicProductCatalog\\vendor\\laravel\\framework\\src\\Illuminate\\Console\\Concerns\\CallsCommands.php(68): Illuminate\\Console\\Command->run(Object(Symfony\\Component\\Console\\Input\\ArrayInput), Object(Illuminate\\Console\\OutputStyle))
#44 D:\\laragon\\www\\FilamentBasicProductCatalog\\vendor\\laravel\\framework\\src\\Illuminate\\Console\\Concerns\\CallsCommands.php(29): Illuminate\\Console\\Command->runCommand('db:seed', Array, Object(Illuminate\\Console\\OutputStyle))
#45 D:\\laragon\\www\\FilamentBasicProductCatalog\\vendor\\laravel\\framework\\src\\Illuminate\\Database\\Console\\Migrations\\FreshCommand.php(122): Illuminate\\Console\\Command->call('db:seed', Array)
#46 D:\\laragon\\www\\FilamentBasicProductCatalog\\vendor\\laravel\\framework\\src\\Illuminate\\Database\\Console\\Migrations\\FreshCommand.php(98): Illuminate\\Database\\Console\\Migrations\\FreshCommand->runSeeder(NULL)
#47 D:\\laragon\\www\\FilamentBasicProductCatalog\\vendor\\laravel\\framework\\src\\Illuminate\\Container\\BoundMethod.php(36): Illuminate\\Database\\Console\\Migrations\\FreshCommand->handle()
#48 D:\\laragon\\www\\FilamentBasicProductCatalog\\vendor\\laravel\\framework\\src\\Illuminate\\Container\\Util.php(43): Illuminate\\Container\\BoundMethod::Illuminate\\Container\\{closure}()
#49 D:\\laragon\\www\\FilamentBasicProductCatalog\\vendor\\laravel\\framework\\src\\Illuminate\\Container\\BoundMethod.php(95): Illuminate\\Container\\Util::unwrapIfClosure(Object(Closure))
#50 D:\\laragon\\www\\FilamentBasicProductCatalog\\vendor\\laravel\\framework\\src\\Illuminate\\Container\\BoundMethod.php(35): Illuminate\\Container\\BoundMethod::callBoundMethod(Object(Illuminate\\Foundation\\Application), Array, Object(Closure))
#51 D:\\laragon\\www\\FilamentBasicProductCatalog\\vendor\\laravel\\framework\\src\\Illuminate\\Container\\Container.php(694): Illuminate\\Container\\BoundMethod::call(Object(Illuminate\\Foundation\\Application), Array, Array, NULL)
#52 D:\\laragon\\www\\FilamentBasicProductCatalog\\vendor\\laravel\\framework\\src\\Illuminate\\Console\\Command.php(213): Illuminate\\Container\\Container->call(Array)
#53 D:\\laragon\\www\\FilamentBasicProductCatalog\\vendor\\symfony\\console\\Command\\Command.php(279): Illuminate\\Console\\Command->execute(Object(Symfony\\Component\\Console\\Input\\ArgvInput), Object(Illuminate\\Console\\OutputStyle))
#54 D:\\laragon\\www\\FilamentBasicProductCatalog\\vendor\\laravel\\framework\\src\\Illuminate\\Console\\Command.php(182): Symfony\\Component\\Console\\Command\\Command->run(Object(Symfony\\Component\\Console\\Input\\ArgvInput), Object(Illuminate\\Console\\OutputStyle))
#55 D:\\laragon\\www\\FilamentBasicProductCatalog\\vendor\\symfony\\console\\Application.php(1094): Illuminate\\Console\\Command->run(Object(Symfony\\Component\\Console\\Input\\ArgvInput), Object(Symfony\\Component\\Console\\Output\\ConsoleOutput))
#56 D:\\laragon\\www\\FilamentBasicProductCatalog\\vendor\\symfony\\console\\Application.php(342): Symfony\\Component\\Console\\Application->doRunCommand(Object(Illuminate\\Database\\Console\\Migrations\\FreshCommand), Object(Symfony\\Component\\Console\\Input\\ArgvInput), Object(Symfony\\Component\\Console\\Output\\ConsoleOutput))
#57 D:\\laragon\\www\\FilamentBasicProductCatalog\\vendor\\symfony\\console\\Application.php(193): Symfony\\Component\\Console\\Application->doRun(Object(Symfony\\Component\\Console\\Input\\ArgvInput), Object(Symfony\\Component\\Console\\Output\\ConsoleOutput))
#58 D:\\laragon\\www\\FilamentBasicProductCatalog\\vendor\\laravel\\framework\\src\\Illuminate\\Foundation\\Console\\Kernel.php(198): Symfony\\Component\\Console\\Application->run(Object(Symfony\\Component\\Console\\Input\\ArgvInput), Object(Symfony\\Component\\Console\\Output\\ConsoleOutput))
#59 D:\\laragon\\www\\FilamentBasicProductCatalog\\vendor\\laravel\\framework\\src\\Illuminate\\Foundation\\Application.php(1205): Illuminate\\Foundation\\Console\\Kernel->handle(Object(Symfony\\Component\\Console\\Input\\ArgvInput), Object(Symfony\\Component\\Console\\Output\\ConsoleOutput))
#60 D:\\laragon\\www\\FilamentBasicProductCatalog\\artisan(13): Illuminate\\Foundation\\Application->handleCommand(Object(Symfony\\Component\\Console\\Input\\ArgvInput))
#61 {main}

[previous exception] [object] (PDOException(code: 23000): SQLSTATE[23000]: Integrity constraint violation: 19 NOT NULL constraint failed: products.image at D:\\laragon\\www\\FilamentBasicProductCatalog\\vendor\\laravel\\framework\\src\\Illuminate\\Database\\Connection.php:571)
[stacktrace]
#0 D:\\laragon\\www\\FilamentBasicProductCatalog\\vendor\\laravel\\framework\\src\\Illuminate\\Database\\Connection.php(571): PDOStatement->execute()
#1 D:\\laragon\\www\\FilamentBasicProductCatalog\\vendor\\laravel\\framework\\src\\Illuminate\\Database\\Connection.php(812): Illuminate\\Database\\Connection->Illuminate\\Database\\{closure}('insert into \"pr...', Array)
#2 D:\\laragon\\www\\FilamentBasicProductCatalog\\vendor\\laravel\\framework\\src\\Illuminate\\Database\\Connection.php(779): Illuminate\\Database\\Connection->runQueryCallback('insert into \"pr...', Array, Object(Closure))
#3 D:\\laragon\\www\\FilamentBasicProductCatalog\\vendor\\laravel\\framework\\src\\Illuminate\\Database\\Connection.php(560): Illuminate\\Database\\Connection->run('insert into \"pr...', Array, Object(Closure))
#4 D:\\laragon\\www\\FilamentBasicProductCatalog\\vendor\\laravel\\framework\\src\\Illuminate\\Database\\Connection.php(524): Illuminate\\Database\\Connection->statement('insert into \"pr...', Array)
#5 D:\\laragon\\www\\FilamentBasicProductCatalog\\vendor\\laravel\\framework\\src\\Illuminate\\Database\\Query\\Processors\\Processor.php(32): Illuminate\\Database\\Connection->insert('insert into \"pr...', Array)
#6 D:\\laragon\\www\\FilamentBasicProductCatalog\\vendor\\laravel\\framework\\src\\Illuminate\\Database\\Query\\Builder.php(3799): Illuminate\\Database\\Query\\Processors\\Processor->processInsertGetId(Object(Illuminate\\Database\\Query\\Builder), 'insert into \"pr...', Array, 'id')
#7 D:\\laragon\\www\\FilamentBasicProductCatalog\\vendor\\laravel\\framework\\src\\Illuminate\\Database\\Eloquent\\Builder.php(2050): Illuminate\\Database\\Query\\Builder->insertGetId(Array, 'id')
#8 D:\\laragon\\www\\FilamentBasicProductCatalog\\vendor\\laravel\\framework\\src\\Illuminate\\Database\\Eloquent\\Model.php(1358): Illuminate\\Database\\Eloquent\\Builder->__call('insertGetId', Array)
#9 D:\\laragon\\www\\FilamentBasicProductCatalog\\vendor\\laravel\\framework\\src\\Illuminate\\Database\\Eloquent\\Model.php(1323): Illuminate\\Database\\Eloquent\\Model->insertAndSetId(Object(Illuminate\\Database\\Eloquent\\Builder), Array)
#10 D:\\laragon\\www\\FilamentBasicProductCatalog\\vendor\\laravel\\framework\\src\\Illuminate\\Database\\Eloquent\\Model.php(1162): Illuminate\\Database\\Eloquent\\Model->performInsert(Object(Illuminate\\Database\\Eloquent\\Builder))
#11 D:\\laragon\\www\\FilamentBasicProductCatalog\\vendor\\laravel\\framework\\src\\Illuminate\\Database\\Eloquent\\Builder.php(1080): Illuminate\\Database\\Eloquent\\Model->save()
#12 D:\\laragon\\www\\FilamentBasicProductCatalog\\vendor\\laravel\\framework\\src\\Illuminate\\Support\\helpers.php(393): Illuminate\\Database\\Eloquent\\Builder->Illuminate\\Database\\Eloquent\\{closure}(Object(App\\Models\\Product))
#13 D:\\laragon\\www\\FilamentBasicProductCatalog\\vendor\\laravel\\framework\\src\\Illuminate\\Database\\Eloquent\\Builder.php(1079): tap(Object(App\\Models\\Product), Object(Closure))
#14 D:\\laragon\\www\\FilamentBasicProductCatalog\\vendor\\laravel\\framework\\src\\Illuminate\\Support\\Traits\\ForwardsCalls.php(23): Illuminate\\Database\\Eloquent\\Builder->create(Array)
#15 D:\\laragon\\www\\FilamentBasicProductCatalog\\vendor\\laravel\\framework\\src\\Illuminate\\Database\\Eloquent\\Model.php(2367): Illuminate\\Database\\Eloquent\\Model->forwardCallTo(Object(Illuminate\\Database\\Eloquent\\Builder), 'create', Array)
#16 D:\\laragon\\www\\FilamentBasicProductCatalog\\vendor\\laravel\\framework\\src\\Illuminate\\Database\\Eloquent\\Model.php(2379): Illuminate\\Database\\Eloquent\\Model->__call('create', Array)
#17 D:\\laragon\\www\\FilamentBasicProductCatalog\\database\\seeders\\ProductSeeder.php(16): Illuminate\\Database\\Eloquent\\Model::__callStatic('create', Array)
#18 D:\\laragon\\www\\FilamentBasicProductCatalog\\vendor\\laravel\\framework\\src\\Illuminate\\Container\\BoundMethod.php(36): Database\\Seeders\\ProductSeeder->run()
#19 D:\\laragon\\www\\FilamentBasicProductCatalog\\vendor\\laravel\\framework\\src\\Illuminate\\Container\\Util.php(43): Illuminate\\Container\\BoundMethod::Illuminate\\Container\\{closure}()
#20 D:\\laragon\\www\\FilamentBasicProductCatalog\\vendor\\laravel\\framework\\src\\Illuminate\\Container\\BoundMethod.php(95): Illuminate\\Container\\Util::unwrapIfClosure(Object(Closure))
#21 D:\\laragon\\www\\FilamentBasicProductCatalog\\vendor\\laravel\\framework\\src\\Illuminate\\Container\\BoundMethod.php(35): Illuminate\\Container\\BoundMethod::callBoundMethod(Object(Illuminate\\Foundation\\Application), Array, Object(Closure))
#22 D:\\laragon\\www\\FilamentBasicProductCatalog\\vendor\\laravel\\framework\\src\\Illuminate\\Container\\Container.php(694): Illuminate\\Container\\BoundMethod::call(Object(Illuminate\\Foundation\\Application), Array, Array, NULL)
#23 D:\\laragon\\www\\FilamentBasicProductCatalog\\vendor\\laravel\\framework\\src\\Illuminate\\Database\\Seeder.php(184): Illuminate\\Container\\Container->call(Array, Array)
#24 D:\\laragon\\www\\FilamentBasicProductCatalog\\vendor\\laravel\\framework\\src\\Illuminate\\Database\\Seeder.php(193): Illuminate\\Database\\Seeder->Illuminate\\Database\\{closure}()
#25 D:\\laragon\\www\\FilamentBasicProductCatalog\\vendor\\laravel\\framework\\src\\Illuminate\\Database\\Seeder.php(61): Illuminate\\Database\\Seeder->__invoke(Array)
#26 D:\\laragon\\www\\FilamentBasicProductCatalog\\database\\seeders\\DatabaseSeeder.php(23): Illuminate\\Database\\Seeder->call('Database\\\\Seeder...')
#27 D:\\laragon\\www\\FilamentBasicProductCatalog\\vendor\\laravel\\framework\\src\\Illuminate\\Container\\BoundMethod.php(36): Database\\Seeders\\DatabaseSeeder->run()
#28 D:\\laragon\\www\\FilamentBasicProductCatalog\\vendor\\laravel\\framework\\src\\Illuminate\\Container\\Util.php(43): Illuminate\\Container\\BoundMethod::Illuminate\\Container\\{closure}()
#29 D:\\laragon\\www\\FilamentBasicProductCatalog\\vendor\\laravel\\framework\\src\\Illuminate\\Container\\BoundMethod.php(95): Illuminate\\Container\\Util::unwrapIfClosure(Object(Closure))
#30 D:\\laragon\\www\\FilamentBasicProductCatalog\\vendor\\laravel\\framework\\src\\Illuminate\\Container\\BoundMethod.php(35): Illuminate\\Container\\BoundMethod::callBoundMethod(Object(Illuminate\\Foundation\\Application), Array, Object(Closure))
#31 D:\\laragon\\www\\FilamentBasicProductCatalog\\vendor\\laravel\\framework\\src\\Illuminate\\Container\\Container.php(694): Illuminate\\Container\\BoundMethod::call(Object(Illuminate\\Foundation\\Application), Array, Array, NULL)
#32 D:\\laragon\\www\\FilamentBasicProductCatalog\\vendor\\laravel\\framework\\src\\Illuminate\\Database\\Seeder.php(184): Illuminate\\Container\\Container->call(Array, Array)
#33 D:\\laragon\\www\\FilamentBasicProductCatalog\\vendor\\laravel\\framework\\src\\Illuminate\\Database\\Seeder.php(193): Illuminate\\Database\\Seeder->Illuminate\\Database\\{closure}()
#34 D:\\laragon\\www\\FilamentBasicProductCatalog\\vendor\\laravel\\framework\\src\\Illuminate\\Database\\Console\\Seeds\\SeedCommand.php(70): Illuminate\\Database\\Seeder->__invoke()
#35 D:\\laragon\\www\\FilamentBasicProductCatalog\\vendor\\laravel\\framework\\src\\Illuminate\\Database\\Eloquent\\Concerns\\GuardsAttributes.php(155): Illuminate\\Database\\Console\\Seeds\\SeedCommand->Illuminate\\Database\\Console\\Seeds\\{closure}()
#36 D:\\laragon\\www\\FilamentBasicProductCatalog\\vendor\\laravel\\framework\\src\\Illuminate\\Database\\Console\\Seeds\\SeedCommand.php(69): Illuminate\\Database\\Eloquent\\Model::unguarded(Object(Closure))
#37 D:\\laragon\\www\\FilamentBasicProductCatalog\\vendor\\laravel\\framework\\src\\Illuminate\\Container\\BoundMethod.php(36): Illuminate\\Database\\Console\\Seeds\\SeedCommand->handle()
#38 D:\\laragon\\www\\FilamentBasicProductCatalog\\vendor\\laravel\\framework\\src\\Illuminate\\Container\\Util.php(43): Illuminate\\Container\\BoundMethod::Illuminate\\Container\\{closure}()
#39 D:\\laragon\\www\\FilamentBasicProductCatalog\\vendor\\laravel\\framework\\src\\Illuminate\\Container\\BoundMethod.php(95): Illuminate\\Container\\Util::unwrapIfClosure(Object(Closure))
#40 D:\\laragon\\www\\FilamentBasicProductCatalog\\vendor\\laravel\\framework\\src\\Illuminate\\Container\\BoundMethod.php(35): Illuminate\\Container\\BoundMethod::callBoundMethod(Object(Illuminate\\Foundation\\Application), Array, Object(Closure))
#41 D:\\laragon\\www\\FilamentBasicProductCatalog\\vendor\\laravel\\framework\\src\\Illuminate\\Container\\Container.php(694): Illuminate\\Container\\BoundMethod::call(Object(Illuminate\\Foundation\\Application), Array, Array, NULL)
#42 D:\\laragon\\www\\FilamentBasicProductCatalog\\vendor\\laravel\\framework\\src\\Illuminate\\Console\\Command.php(213): Illuminate\\Container\\Container->call(Array)
#43 D:\\laragon\\www\\FilamentBasicProductCatalog\\vendor\\symfony\\console\\Command\\Command.php(279): Illuminate\\Console\\Command->execute(Object(Symfony\\Component\\Console\\Input\\ArrayInput), Object(Illuminate\\Console\\OutputStyle))
#44 D:\\laragon\\www\\FilamentBasicProductCatalog\\vendor\\laravel\\framework\\src\\Illuminate\\Console\\Command.php(182): Symfony\\Component\\Console\\Command\\Command->run(Object(Symfony\\Component\\Console\\Input\\ArrayInput), Object(Illuminate\\Console\\OutputStyle))
#45 D:\\laragon\\www\\FilamentBasicProductCatalog\\vendor\\laravel\\framework\\src\\Illuminate\\Console\\Concerns\\CallsCommands.php(68): Illuminate\\Console\\Command->run(Object(Symfony\\Component\\Console\\Input\\ArrayInput), Object(Illuminate\\Console\\OutputStyle))
#46 D:\\laragon\\www\\FilamentBasicProductCatalog\\vendor\\laravel\\framework\\src\\Illuminate\\Console\\Concerns\\CallsCommands.php(29): Illuminate\\Console\\Command->runCommand('db:seed', Array, Object(Illuminate\\Console\\OutputStyle))
#47 D:\\laragon\\www\\FilamentBasicProductCatalog\\vendor\\laravel\\framework\\src\\Illuminate\\Database\\Console\\Migrations\\FreshCommand.php(122): Illuminate\\Console\\Command->call('db:seed', Array)
#48 D:\\laragon\\www\\FilamentBasicProductCatalog\\vendor\\laravel\\framework\\src\\Illuminate\\Database\\Console\\Migrations\\FreshCommand.php(98): Illuminate\\Database\\Console\\Migrations\\FreshCommand->runSeeder(NULL)
#49 D:\\laragon\\www\\FilamentBasicProductCatalog\\vendor\\laravel\\framework\\src\\Illuminate\\Container\\BoundMethod.php(36): Illuminate\\Database\\Console\\Migrations\\FreshCommand->handle()
#50 D:\\laragon\\www\\FilamentBasicProductCatalog\\vendor\\laravel\\framework\\src\\Illuminate\\Container\\Util.php(43): Illuminate\\Container\\BoundMethod::Illuminate\\Container\\{closure}()
#51 D:\\laragon\\www\\FilamentBasicProductCatalog\\vendor\\laravel\\framework\\src\\Illuminate\\Container\\BoundMethod.php(95): Illuminate\\Container\\Util::unwrapIfClosure(Object(Closure))
#52 D:\\laragon\\www\\FilamentBasicProductCatalog\\vendor\\laravel\\framework\\src\\Illuminate\\Container\\BoundMethod.php(35): Illuminate\\Container\\BoundMethod::callBoundMethod(Object(Illuminate\\Foundation\\Application), Array, Object(Closure))
#53 D:\\laragon\\www\\FilamentBasicProductCatalog\\vendor\\laravel\\framework\\src\\Illuminate\\Container\\Container.php(694): Illuminate\\Container\\BoundMethod::call(Object(Illuminate\\Foundation\\Application), Array, Array, NULL)
#54 D:\\laragon\\www\\FilamentBasicProductCatalog\\vendor\\laravel\\framework\\src\\Illuminate\\Console\\Command.php(213): Illuminate\\Container\\Container->call(Array)
#55 D:\\laragon\\www\\FilamentBasicProductCatalog\\vendor\\symfony\\console\\Command\\Command.php(279): Illuminate\\Console\\Command->execute(Object(Symfony\\Component\\Console\\Input\\ArgvInput), Object(Illuminate\\Console\\OutputStyle))
#56 D:\\laragon\\www\\FilamentBasicProductCatalog\\vendor\\laravel\\framework\\src\\Illuminate\\Console\\Command.php(182): Symfony\\Component\\Console\\Command\\Command->run(Object(Symfony\\Component\\Console\\Input\\ArgvInput), Object(Illuminate\\Console\\OutputStyle))
#57 D:\\laragon\\www\\FilamentBasicProductCatalog\\vendor\\symfony\\console\\Application.php(1094): Illuminate\\Console\\Command->run(Object(Symfony\\Component\\Console\\Input\\ArgvInput), Object(Symfony\\Component\\Console\\Output\\ConsoleOutput))
#58 D:\\laragon\\www\\FilamentBasicProductCatalog\\vendor\\symfony\\console\\Application.php(342): Symfony\\Component\\Console\\Application->doRunCommand(Object(Illuminate\\Database\\Console\\Migrations\\FreshCommand), Object(Symfony\\Component\\Console\\Input\\ArgvInput), Object(Symfony\\Component\\Console\\Output\\ConsoleOutput))
#59 D:\\laragon\\www\\FilamentBasicProductCatalog\\vendor\\symfony\\console\\Application.php(193): Symfony\\Component\\Console\\Application->doRun(Object(Symfony\\Component\\Console\\Input\\ArgvInput), Object(Symfony\\Component\\Console\\Output\\ConsoleOutput))
#60 D:\\laragon\\www\\FilamentBasicProductCatalog\\vendor\\laravel\\framework\\src\\Illuminate\\Foundation\\Console\\Kernel.php(198): Symfony\\Component\\Console\\Application->run(Object(Symfony\\Component\\Console\\Input\\ArgvInput), Object(Symfony\\Component\\Console\\Output\\ConsoleOutput))
#61 D:\\laragon\\www\\FilamentBasicProductCatalog\\vendor\\laravel\\framework\\src\\Illuminate\\Foundation\\Application.php(1205): Illuminate\\Foundation\\Console\\Kernel->handle(Object(Symfony\\Component\\Console\\Input\\ArgvInput), Object(Symfony\\Component\\Console\\Output\\ConsoleOutput))
#62 D:\\laragon\\www\\FilamentBasicProductCatalog\\artisan(13): Illuminate\\Foundation\\Application->handleCommand(Object(Symfony\\Component\\Console\\Input\\ArgvInput))
#63 {main}
"} 
[2024-12-13 10:29:24] local.ERROR: syntax error, unexpected token ",", expecting identifier or variable or "{" or "$" {"exception":"[object] (ParseError(code: 0): syntax error, unexpected token \",\", expecting identifier or variable or \"{\" or \"$\" at D:\\laragon\\www\\FilamentBasicProductCatalog\\app\\Filament\\Resources\\CategoryResource.php:87)
[stacktrace]
#0 D:\\laragon\\www\\FilamentBasicProductCatalog\\vendor\\composer\\ClassLoader.php(427): Composer\\Autoload\\{closure}('D:\\\\laragon\\\\www\\\\...')
#1 [internal function]: Composer\\Autoload\\ClassLoader->loadClass('App\\\\Filament\\\\Re...')
#2 D:\\laragon\\www\\FilamentBasicProductCatalog\\vendor\\filament\\filament\\src\\Panel\\Concerns\\HasComponents.php(438): class_exists('App\\\\Filament\\\\Re...')
#3 D:\\laragon\\www\\FilamentBasicProductCatalog\\vendor\\filament\\filament\\src\\Panel\\Concerns\\HasComponents.php(293): Filament\\Panel->discoverComponents('Filament\\\\Resour...', Array, 'D:\\\\laragon\\\\www\\\\...', Object(Illuminate\\Support\\Stringable))
#4 D:\\laragon\\www\\FilamentBasicProductCatalog\\app\\Providers\\Filament\\AdminPanelProvider.php(33): Filament\\Panel->discoverResources('D:\\\\laragon\\\\www\\\\...', 'App\\\\Filament\\\\Re...')
#5 D:\\laragon\\www\\FilamentBasicProductCatalog\\vendor\\filament\\filament\\src\\PanelProvider.php(15): App\\Providers\\Filament\\AdminPanelProvider->panel(Object(Filament\\Panel))
#6 D:\\laragon\\www\\FilamentBasicProductCatalog\\vendor\\laravel\\framework\\src\\Illuminate\\Collections\\helpers.php(236): Filament\\PanelProvider->Filament\\{closure}()
#7 D:\\laragon\\www\\FilamentBasicProductCatalog\\vendor\\filament\\filament\\src\\Facades\\Filament.php(140): value(Object(Closure))
#8 D:\\laragon\\www\\FilamentBasicProductCatalog\\vendor\\laravel\\framework\\src\\Illuminate\\Container\\Container.php(1417): Filament\\Facades\\Filament::Filament\\Facades\\{closure}(Object(Filament\\PanelRegistry), Object(Illuminate\\Foundation\\Application))
#9 D:\\laragon\\www\\FilamentBasicProductCatalog\\vendor\\laravel\\framework\\src\\Illuminate\\Container\\Container.php(1335): Illuminate\\Container\\Container->fireCallbackArray(Object(Filament\\PanelRegistry), Array)
#10 D:\\laragon\\www\\FilamentBasicProductCatalog\\vendor\\laravel\\framework\\src\\Illuminate\\Container\\Container.php(837): Illuminate\\Container\\Container->fireResolvingCallbacks('Filament\\\\PanelR...', Object(Filament\\PanelRegistry))
#11 D:\\laragon\\www\\FilamentBasicProductCatalog\\vendor\\laravel\\framework\\src\\Illuminate\\Foundation\\Application.php(1048): Illuminate\\Container\\Container->resolve('Filament\\\\PanelR...', Array, true)
#12 D:\\laragon\\www\\FilamentBasicProductCatalog\\vendor\\laravel\\framework\\src\\Illuminate\\Container\\Container.php(755): Illuminate\\Foundation\\Application->resolve('Filament\\\\PanelR...', Array)
#13 D:\\laragon\\www\\FilamentBasicProductCatalog\\vendor\\laravel\\framework\\src\\Illuminate\\Foundation\\Application.php(1030): Illuminate\\Container\\Container->make('Filament\\\\PanelR...', Array)
#14 D:\\laragon\\www\\FilamentBasicProductCatalog\\vendor\\laravel\\framework\\src\\Illuminate\\Foundation\\helpers.php(124): Illuminate\\Foundation\\Application->make('Filament\\\\PanelR...', Array)
#15 D:\\laragon\\www\\FilamentBasicProductCatalog\\vendor\\filament\\filament\\src\\FilamentManager.php(51): app('Filament\\\\PanelR...')
#16 D:\\laragon\\www\\FilamentBasicProductCatalog\\vendor\\filament\\filament\\src\\FilamentServiceProvider.php(48): Filament\\FilamentManager->__construct()
#17 D:\\laragon\\www\\FilamentBasicProductCatalog\\vendor\\laravel\\framework\\src\\Illuminate\\Container\\Container.php(937): Filament\\FilamentServiceProvider->Filament\\{closure}(Object(Illuminate\\Foundation\\Application), Array)
#18 D:\\laragon\\www\\FilamentBasicProductCatalog\\vendor\\laravel\\framework\\src\\Illuminate\\Container\\Container.php(819): Illuminate\\Container\\Container->build(Object(Closure))
#19 D:\\laragon\\www\\FilamentBasicProductCatalog\\vendor\\laravel\\framework\\src\\Illuminate\\Foundation\\Application.php(1048): Illuminate\\Container\\Container->resolve('filament', Array, true)
#20 D:\\laragon\\www\\FilamentBasicProductCatalog\\vendor\\laravel\\framework\\src\\Illuminate\\Container\\Container.php(755): Illuminate\\Foundation\\Application->resolve('filament', Array)
#21 D:\\laragon\\www\\FilamentBasicProductCatalog\\vendor\\laravel\\framework\\src\\Illuminate\\Foundation\\Application.php(1030): Illuminate\\Container\\Container->make('filament', Array)
#22 D:\\laragon\\www\\FilamentBasicProductCatalog\\vendor\\laravel\\framework\\src\\Illuminate\\Container\\Container.php(1565): Illuminate\\Foundation\\Application->make('filament')
#23 D:\\laragon\\www\\FilamentBasicProductCatalog\\vendor\\laravel\\framework\\src\\Illuminate\\Support\\Facades\\Facade.php(238): Illuminate\\Container\\Container->offsetGet('filament')
#24 D:\\laragon\\www\\FilamentBasicProductCatalog\\vendor\\laravel\\framework\\src\\Illuminate\\Support\\Facades\\Facade.php(209): Illuminate\\Support\\Facades\\Facade::resolveFacadeInstance('filament')
#25 D:\\laragon\\www\\FilamentBasicProductCatalog\\vendor\\laravel\\framework\\src\\Illuminate\\Support\\Facades\\Facade.php(353): Illuminate\\Support\\Facades\\Facade::getFacadeRoot()
#26 D:\\laragon\\www\\FilamentBasicProductCatalog\\vendor\\filament\\filament\\routes\\web.php(13): Illuminate\\Support\\Facades\\Facade::__callStatic('getPanels', Array)
#27 D:\\laragon\\www\\FilamentBasicProductCatalog\\vendor\\laravel\\framework\\src\\Illuminate\\Routing\\Router.php(511): Illuminate\\Support\\ServiceProvider->{closure}(Object(Illuminate\\Routing\\Router))
#28 D:\\laragon\\www\\FilamentBasicProductCatalog\\vendor\\laravel\\framework\\src\\Illuminate\\Routing\\Router.php(467): Illuminate\\Routing\\Router->loadRoutes(Object(Closure))
#29 D:\\laragon\\www\\FilamentBasicProductCatalog\\vendor\\laravel\\framework\\src\\Illuminate\\Routing\\RouteRegistrar.php(199): Illuminate\\Routing\\Router->group(Array, Object(Closure))
#30 D:\\laragon\\www\\FilamentBasicProductCatalog\\vendor\\filament\\filament\\routes\\web.php(12): Illuminate\\Routing\\RouteRegistrar->group(Object(Closure))
#31 D:\\laragon\\www\\FilamentBasicProductCatalog\\vendor\\laravel\\framework\\src\\Illuminate\\Support\\ServiceProvider.php(195): require('D:\\\\laragon\\\\www\\\\...')
#32 D:\\laragon\\www\\FilamentBasicProductCatalog\\vendor\\spatie\\laravel-package-tools\\src\\PackageServiceProvider.php(152): Illuminate\\Support\\ServiceProvider->loadRoutesFrom('D:\\\\laragon\\\\www\\\\...')
#33 D:\\laragon\\www\\FilamentBasicProductCatalog\\vendor\\laravel\\framework\\src\\Illuminate\\Container\\BoundMethod.php(36): Spatie\\LaravelPackageTools\\PackageServiceProvider->boot()
#34 D:\\laragon\\www\\FilamentBasicProductCatalog\\vendor\\laravel\\framework\\src\\Illuminate\\Container\\Util.php(43): Illuminate\\Container\\BoundMethod::Illuminate\\Container\\{closure}()
#35 D:\\laragon\\www\\FilamentBasicProductCatalog\\vendor\\laravel\\framework\\src\\Illuminate\\Container\\BoundMethod.php(95): Illuminate\\Container\\Util::unwrapIfClosure(Object(Closure))
#36 D:\\laragon\\www\\FilamentBasicProductCatalog\\vendor\\laravel\\framework\\src\\Illuminate\\Container\\BoundMethod.php(35): Illuminate\\Container\\BoundMethod::callBoundMethod(Object(Illuminate\\Foundation\\Application), Array, Object(Closure))
#37 D:\\laragon\\www\\FilamentBasicProductCatalog\\vendor\\laravel\\framework\\src\\Illuminate\\Container\\Container.php(694): Illuminate\\Container\\BoundMethod::call(Object(Illuminate\\Foundation\\Application), Array, Array, NULL)
#38 D:\\laragon\\www\\FilamentBasicProductCatalog\\vendor\\laravel\\framework\\src\\Illuminate\\Foundation\\Application.php(1121): Illuminate\\Container\\Container->call(Array)
#39 D:\\laragon\\www\\FilamentBasicProductCatalog\\vendor\\laravel\\framework\\src\\Illuminate\\Foundation\\Application.php(1102): Illuminate\\Foundation\\Application->bootProvider(Object(Filament\\FilamentServiceProvider))
#40 [internal function]: Illuminate\\Foundation\\Application->Illuminate\\Foundation\\{closure}(Object(Filament\\FilamentServiceProvider), 'Filament\\\\Filame...')
#41 D:\\laragon\\www\\FilamentBasicProductCatalog\\vendor\\laravel\\framework\\src\\Illuminate\\Foundation\\Application.php(1101): array_walk(Array, Object(Closure))
#42 D:\\laragon\\www\\FilamentBasicProductCatalog\\vendor\\laravel\\framework\\src\\Illuminate\\Foundation\\Bootstrap\\BootProviders.php(17): Illuminate\\Foundation\\Application->boot()
#43 D:\\laragon\\www\\FilamentBasicProductCatalog\\vendor\\laravel\\framework\\src\\Illuminate\\Foundation\\Application.php(316): Illuminate\\Foundation\\Bootstrap\\BootProviders->bootstrap(Object(Illuminate\\Foundation\\Application))
#44 D:\\laragon\\www\\FilamentBasicProductCatalog\\vendor\\laravel\\framework\\src\\Illuminate\\Foundation\\Http\\Kernel.php(187): Illuminate\\Foundation\\Application->bootstrapWith(Array)
#45 D:\\laragon\\www\\FilamentBasicProductCatalog\\vendor\\laravel\\framework\\src\\Illuminate\\Foundation\\Http\\Kernel.php(171): Illuminate\\Foundation\\Http\\Kernel->bootstrap()
#46 D:\\laragon\\www\\FilamentBasicProductCatalog\\vendor\\laravel\\framework\\src\\Illuminate\\Foundation\\Http\\Kernel.php(145): Illuminate\\Foundation\\Http\\Kernel->sendRequestThroughRouter(Object(Illuminate\\Http\\Request))
#47 D:\\laragon\\www\\FilamentBasicProductCatalog\\vendor\\laravel\\framework\\src\\Illuminate\\Foundation\\Application.php(1190): Illuminate\\Foundation\\Http\\Kernel->handle(Object(Illuminate\\Http\\Request))
#48 D:\\laragon\\www\\FilamentBasicProductCatalog\\public\\index.php(17): Illuminate\\Foundation\\Application->handleRequest(Object(Illuminate\\Http\\Request))
#49 {main}
"} 
[2024-12-13 10:29:30] local.ERROR: syntax error, unexpected token ",", expecting identifier or variable or "{" or "$" {"exception":"[object] (ParseError(code: 0): syntax error, unexpected token \",\", expecting identifier or variable or \"{\" or \"$\" at D:\\laragon\\www\\FilamentBasicProductCatalog\\app\\Filament\\Resources\\CategoryResource.php:87)
[stacktrace]
#0 D:\\laragon\\www\\FilamentBasicProductCatalog\\vendor\\composer\\ClassLoader.php(427): Composer\\Autoload\\{closure}('D:\\\\laragon\\\\www\\\\...')
#1 [internal function]: Composer\\Autoload\\ClassLoader->loadClass('App\\\\Filament\\\\Re...')
#2 D:\\laragon\\www\\FilamentBasicProductCatalog\\vendor\\filament\\filament\\src\\Panel\\Concerns\\HasComponents.php(438): class_exists('App\\\\Filament\\\\Re...')
#3 D:\\laragon\\www\\FilamentBasicProductCatalog\\vendor\\filament\\filament\\src\\Panel\\Concerns\\HasComponents.php(293): Filament\\Panel->discoverComponents('Filament\\\\Resour...', Array, 'D:\\\\laragon\\\\www\\\\...', Object(Illuminate\\Support\\Stringable))
#4 D:\\laragon\\www\\FilamentBasicProductCatalog\\app\\Providers\\Filament\\AdminPanelProvider.php(33): Filament\\Panel->discoverResources('D:\\\\laragon\\\\www\\\\...', 'App\\\\Filament\\\\Re...')
#5 D:\\laragon\\www\\FilamentBasicProductCatalog\\vendor\\filament\\filament\\src\\PanelProvider.php(15): App\\Providers\\Filament\\AdminPanelProvider->panel(Object(Filament\\Panel))
#6 D:\\laragon\\www\\FilamentBasicProductCatalog\\vendor\\laravel\\framework\\src\\Illuminate\\Collections\\helpers.php(236): Filament\\PanelProvider->Filament\\{closure}()
#7 D:\\laragon\\www\\FilamentBasicProductCatalog\\vendor\\filament\\filament\\src\\Facades\\Filament.php(140): value(Object(Closure))
#8 D:\\laragon\\www\\FilamentBasicProductCatalog\\vendor\\laravel\\framework\\src\\Illuminate\\Container\\Container.php(1417): Filament\\Facades\\Filament::Filament\\Facades\\{closure}(Object(Filament\\PanelRegistry), Object(Illuminate\\Foundation\\Application))
#9 D:\\laragon\\www\\FilamentBasicProductCatalog\\vendor\\laravel\\framework\\src\\Illuminate\\Container\\Container.php(1335): Illuminate\\Container\\Container->fireCallbackArray(Object(Filament\\PanelRegistry), Array)
#10 D:\\laragon\\www\\FilamentBasicProductCatalog\\vendor\\laravel\\framework\\src\\Illuminate\\Container\\Container.php(837): Illuminate\\Container\\Container->fireResolvingCallbacks('Filament\\\\PanelR...', Object(Filament\\PanelRegistry))
#11 D:\\laragon\\www\\FilamentBasicProductCatalog\\vendor\\laravel\\framework\\src\\Illuminate\\Foundation\\Application.php(1048): Illuminate\\Container\\Container->resolve('Filament\\\\PanelR...', Array, true)
#12 D:\\laragon\\www\\FilamentBasicProductCatalog\\vendor\\laravel\\framework\\src\\Illuminate\\Container\\Container.php(755): Illuminate\\Foundation\\Application->resolve('Filament\\\\PanelR...', Array)
#13 D:\\laragon\\www\\FilamentBasicProductCatalog\\vendor\\laravel\\framework\\src\\Illuminate\\Foundation\\Application.php(1030): Illuminate\\Container\\Container->make('Filament\\\\PanelR...', Array)
#14 D:\\laragon\\www\\FilamentBasicProductCatalog\\vendor\\laravel\\framework\\src\\Illuminate\\Foundation\\helpers.php(124): Illuminate\\Foundation\\Application->make('Filament\\\\PanelR...', Array)
#15 D:\\laragon\\www\\FilamentBasicProductCatalog\\vendor\\filament\\filament\\src\\FilamentManager.php(51): app('Filament\\\\PanelR...')
#16 D:\\laragon\\www\\FilamentBasicProductCatalog\\vendor\\filament\\filament\\src\\FilamentServiceProvider.php(48): Filament\\FilamentManager->__construct()
#17 D:\\laragon\\www\\FilamentBasicProductCatalog\\vendor\\laravel\\framework\\src\\Illuminate\\Container\\Container.php(937): Filament\\FilamentServiceProvider->Filament\\{closure}(Object(Illuminate\\Foundation\\Application), Array)
#18 D:\\laragon\\www\\FilamentBasicProductCatalog\\vendor\\laravel\\framework\\src\\Illuminate\\Container\\Container.php(819): Illuminate\\Container\\Container->build(Object(Closure))
#19 D:\\laragon\\www\\FilamentBasicProductCatalog\\vendor\\laravel\\framework\\src\\Illuminate\\Foundation\\Application.php(1048): Illuminate\\Container\\Container->resolve('filament', Array, true)
#20 D:\\laragon\\www\\FilamentBasicProductCatalog\\vendor\\laravel\\framework\\src\\Illuminate\\Container\\Container.php(755): Illuminate\\Foundation\\Application->resolve('filament', Array)
#21 D:\\laragon\\www\\FilamentBasicProductCatalog\\vendor\\laravel\\framework\\src\\Illuminate\\Foundation\\Application.php(1030): Illuminate\\Container\\Container->make('filament', Array)
#22 D:\\laragon\\www\\FilamentBasicProductCatalog\\vendor\\laravel\\framework\\src\\Illuminate\\Container\\Container.php(1565): Illuminate\\Foundation\\Application->make('filament')
#23 D:\\laragon\\www\\FilamentBasicProductCatalog\\vendor\\laravel\\framework\\src\\Illuminate\\Support\\Facades\\Facade.php(238): Illuminate\\Container\\Container->offsetGet('filament')
#24 D:\\laragon\\www\\FilamentBasicProductCatalog\\vendor\\laravel\\framework\\src\\Illuminate\\Support\\Facades\\Facade.php(209): Illuminate\\Support\\Facades\\Facade::resolveFacadeInstance('filament')
#25 D:\\laragon\\www\\FilamentBasicProductCatalog\\vendor\\laravel\\framework\\src\\Illuminate\\Support\\Facades\\Facade.php(353): Illuminate\\Support\\Facades\\Facade::getFacadeRoot()
#26 D:\\laragon\\www\\FilamentBasicProductCatalog\\vendor\\filament\\filament\\routes\\web.php(13): Illuminate\\Support\\Facades\\Facade::__callStatic('getPanels', Array)
#27 D:\\laragon\\www\\FilamentBasicProductCatalog\\vendor\\laravel\\framework\\src\\Illuminate\\Routing\\Router.php(511): Illuminate\\Support\\ServiceProvider->{closure}(Object(Illuminate\\Routing\\Router))
#28 D:\\laragon\\www\\FilamentBasicProductCatalog\\vendor\\laravel\\framework\\src\\Illuminate\\Routing\\Router.php(467): Illuminate\\Routing\\Router->loadRoutes(Object(Closure))
#29 D:\\laragon\\www\\FilamentBasicProductCatalog\\vendor\\laravel\\framework\\src\\Illuminate\\Routing\\RouteRegistrar.php(199): Illuminate\\Routing\\Router->group(Array, Object(Closure))
#30 D:\\laragon\\www\\FilamentBasicProductCatalog\\vendor\\filament\\filament\\routes\\web.php(12): Illuminate\\Routing\\RouteRegistrar->group(Object(Closure))
#31 D:\\laragon\\www\\FilamentBasicProductCatalog\\vendor\\laravel\\framework\\src\\Illuminate\\Support\\ServiceProvider.php(195): require('D:\\\\laragon\\\\www\\\\...')
#32 D:\\laragon\\www\\FilamentBasicProductCatalog\\vendor\\spatie\\laravel-package-tools\\src\\PackageServiceProvider.php(152): Illuminate\\Support\\ServiceProvider->loadRoutesFrom('D:\\\\laragon\\\\www\\\\...')
#33 D:\\laragon\\www\\FilamentBasicProductCatalog\\vendor\\laravel\\framework\\src\\Illuminate\\Container\\BoundMethod.php(36): Spatie\\LaravelPackageTools\\PackageServiceProvider->boot()
#34 D:\\laragon\\www\\FilamentBasicProductCatalog\\vendor\\laravel\\framework\\src\\Illuminate\\Container\\Util.php(43): Illuminate\\Container\\BoundMethod::Illuminate\\Container\\{closure}()
#35 D:\\laragon\\www\\FilamentBasicProductCatalog\\vendor\\laravel\\framework\\src\\Illuminate\\Container\\BoundMethod.php(95): Illuminate\\Container\\Util::unwrapIfClosure(Object(Closure))
#36 D:\\laragon\\www\\FilamentBasicProductCatalog\\vendor\\laravel\\framework\\src\\Illuminate\\Container\\BoundMethod.php(35): Illuminate\\Container\\BoundMethod::callBoundMethod(Object(Illuminate\\Foundation\\Application), Array, Object(Closure))
#37 D:\\laragon\\www\\FilamentBasicProductCatalog\\vendor\\laravel\\framework\\src\\Illuminate\\Container\\Container.php(694): Illuminate\\Container\\BoundMethod::call(Object(Illuminate\\Foundation\\Application), Array, Array, NULL)
#38 D:\\laragon\\www\\FilamentBasicProductCatalog\\vendor\\laravel\\framework\\src\\Illuminate\\Foundation\\Application.php(1121): Illuminate\\Container\\Container->call(Array)
#39 D:\\laragon\\www\\FilamentBasicProductCatalog\\vendor\\laravel\\framework\\src\\Illuminate\\Foundation\\Application.php(1102): Illuminate\\Foundation\\Application->bootProvider(Object(Filament\\FilamentServiceProvider))
#40 [internal function]: Illuminate\\Foundation\\Application->Illuminate\\Foundation\\{closure}(Object(Filament\\FilamentServiceProvider), 'Filament\\\\Filame...')
#41 D:\\laragon\\www\\FilamentBasicProductCatalog\\vendor\\laravel\\framework\\src\\Illuminate\\Foundation\\Application.php(1101): array_walk(Array, Object(Closure))
#42 D:\\laragon\\www\\FilamentBasicProductCatalog\\vendor\\laravel\\framework\\src\\Illuminate\\Foundation\\Bootstrap\\BootProviders.php(17): Illuminate\\Foundation\\Application->boot()
#43 D:\\laragon\\www\\FilamentBasicProductCatalog\\vendor\\laravel\\framework\\src\\Illuminate\\Foundation\\Application.php(316): Illuminate\\Foundation\\Bootstrap\\BootProviders->bootstrap(Object(Illuminate\\Foundation\\Application))
#44 D:\\laragon\\www\\FilamentBasicProductCatalog\\vendor\\laravel\\framework\\src\\Illuminate\\Foundation\\Console\\Kernel.php(474): Illuminate\\Foundation\\Application->bootstrapWith(Array)
#45 D:\\laragon\\www\\FilamentBasicProductCatalog\\vendor\\laravel\\framework\\src\\Illuminate\\Foundation\\Console\\Kernel.php(196): Illuminate\\Foundation\\Console\\Kernel->bootstrap()
#46 Command line code(1): Illuminate\\Foundation\\Console\\Kernel->handle(Object(Symfony\\Component\\Console\\Input\\ArgvInput), Object(Symfony\\Component\\Console\\Output\\ConsoleOutput))
#47 {main}
"} 
[2024-12-13 10:29:30] local.ERROR: syntax error, unexpected token ",", expecting identifier or variable or "{" or "$" {"exception":"[object] (ParseError(code: 0): syntax error, unexpected token \",\", expecting identifier or variable or \"{\" or \"$\" at D:\\laragon\\www\\FilamentBasicProductCatalog\\app\\Filament\\Resources\\CategoryResource.php:87)
[stacktrace]
#0 D:\\laragon\\www\\FilamentBasicProductCatalog\\vendor\\composer\\ClassLoader.php(427): Composer\\Autoload\\{closure}('D:\\\\laragon\\\\www\\\\...')
#1 [internal function]: Composer\\Autoload\\ClassLoader->loadClass('App\\\\Filament\\\\Re...')
#2 D:\\laragon\\www\\FilamentBasicProductCatalog\\vendor\\filament\\filament\\src\\Panel\\Concerns\\HasComponents.php(438): class_exists('App\\\\Filament\\\\Re...')
#3 D:\\laragon\\www\\FilamentBasicProductCatalog\\vendor\\filament\\filament\\src\\Panel\\Concerns\\HasComponents.php(293): Filament\\Panel->discoverComponents('Filament\\\\Resour...', Array, 'D:\\\\laragon\\\\www\\\\...', Object(Illuminate\\Support\\Stringable))
#4 D:\\laragon\\www\\FilamentBasicProductCatalog\\app\\Providers\\Filament\\AdminPanelProvider.php(33): Filament\\Panel->discoverResources('D:\\\\laragon\\\\www\\\\...', 'App\\\\Filament\\\\Re...')
#5 D:\\laragon\\www\\FilamentBasicProductCatalog\\vendor\\filament\\filament\\src\\PanelProvider.php(15): App\\Providers\\Filament\\AdminPanelProvider->panel(Object(Filament\\Panel))
#6 D:\\laragon\\www\\FilamentBasicProductCatalog\\vendor\\laravel\\framework\\src\\Illuminate\\Collections\\helpers.php(236): Filament\\PanelProvider->Filament\\{closure}()
#7 D:\\laragon\\www\\FilamentBasicProductCatalog\\vendor\\filament\\filament\\src\\Facades\\Filament.php(140): value(Object(Closure))
#8 D:\\laragon\\www\\FilamentBasicProductCatalog\\vendor\\laravel\\framework\\src\\Illuminate\\Container\\Container.php(1417): Filament\\Facades\\Filament::Filament\\Facades\\{closure}(Object(Filament\\PanelRegistry), Object(Illuminate\\Foundation\\Application))
#9 D:\\laragon\\www\\FilamentBasicProductCatalog\\vendor\\laravel\\framework\\src\\Illuminate\\Container\\Container.php(1335): Illuminate\\Container\\Container->fireCallbackArray(Object(Filament\\PanelRegistry), Array)
#10 D:\\laragon\\www\\FilamentBasicProductCatalog\\vendor\\laravel\\framework\\src\\Illuminate\\Container\\Container.php(837): Illuminate\\Container\\Container->fireResolvingCallbacks('Filament\\\\PanelR...', Object(Filament\\PanelRegistry))
#11 D:\\laragon\\www\\FilamentBasicProductCatalog\\vendor\\laravel\\framework\\src\\Illuminate\\Foundation\\Application.php(1048): Illuminate\\Container\\Container->resolve('Filament\\\\PanelR...', Array, true)
#12 D:\\laragon\\www\\FilamentBasicProductCatalog\\vendor\\laravel\\framework\\src\\Illuminate\\Container\\Container.php(755): Illuminate\\Foundation\\Application->resolve('Filament\\\\PanelR...', Array)
#13 D:\\laragon\\www\\FilamentBasicProductCatalog\\vendor\\laravel\\framework\\src\\Illuminate\\Foundation\\Application.php(1030): Illuminate\\Container\\Container->make('Filament\\\\PanelR...', Array)
#14 D:\\laragon\\www\\FilamentBasicProductCatalog\\vendor\\laravel\\framework\\src\\Illuminate\\Foundation\\helpers.php(124): Illuminate\\Foundation\\Application->make('Filament\\\\PanelR...', Array)
#15 D:\\laragon\\www\\FilamentBasicProductCatalog\\vendor\\filament\\filament\\src\\FilamentManager.php(51): app('Filament\\\\PanelR...')
#16 D:\\laragon\\www\\FilamentBasicProductCatalog\\vendor\\filament\\filament\\src\\FilamentServiceProvider.php(48): Filament\\FilamentManager->__construct()
#17 D:\\laragon\\www\\FilamentBasicProductCatalog\\vendor\\laravel\\framework\\src\\Illuminate\\Container\\Container.php(937): Filament\\FilamentServiceProvider->Filament\\{closure}(Object(Illuminate\\Foundation\\Application), Array)
#18 D:\\laragon\\www\\FilamentBasicProductCatalog\\vendor\\laravel\\framework\\src\\Illuminate\\Container\\Container.php(819): Illuminate\\Container\\Container->build(Object(Closure))
#19 D:\\laragon\\www\\FilamentBasicProductCatalog\\vendor\\laravel\\framework\\src\\Illuminate\\Foundation\\Application.php(1048): Illuminate\\Container\\Container->resolve('filament', Array, true)
#20 D:\\laragon\\www\\FilamentBasicProductCatalog\\vendor\\laravel\\framework\\src\\Illuminate\\Container\\Container.php(755): Illuminate\\Foundation\\Application->resolve('filament', Array)
#21 D:\\laragon\\www\\FilamentBasicProductCatalog\\vendor\\laravel\\framework\\src\\Illuminate\\Foundation\\Application.php(1030): Illuminate\\Container\\Container->make('filament', Array)
#22 D:\\laragon\\www\\FilamentBasicProductCatalog\\vendor\\laravel\\framework\\src\\Illuminate\\Container\\Container.php(1565): Illuminate\\Foundation\\Application->make('filament')
#23 D:\\laragon\\www\\FilamentBasicProductCatalog\\vendor\\laravel\\framework\\src\\Illuminate\\Support\\Facades\\Facade.php(238): Illuminate\\Container\\Container->offsetGet('filament')
#24 D:\\laragon\\www\\FilamentBasicProductCatalog\\vendor\\laravel\\framework\\src\\Illuminate\\Support\\Facades\\Facade.php(209): Illuminate\\Support\\Facades\\Facade::resolveFacadeInstance('filament')
#25 D:\\laragon\\www\\FilamentBasicProductCatalog\\vendor\\laravel\\framework\\src\\Illuminate\\Support\\Facades\\Facade.php(353): Illuminate\\Support\\Facades\\Facade::getFacadeRoot()
#26 D:\\laragon\\www\\FilamentBasicProductCatalog\\vendor\\filament\\filament\\routes\\web.php(13): Illuminate\\Support\\Facades\\Facade::__callStatic('getPanels', Array)
#27 D:\\laragon\\www\\FilamentBasicProductCatalog\\vendor\\laravel\\framework\\src\\Illuminate\\Routing\\Router.php(511): Illuminate\\Support\\ServiceProvider->{closure}(Object(Illuminate\\Routing\\Router))
#28 D:\\laragon\\www\\FilamentBasicProductCatalog\\vendor\\laravel\\framework\\src\\Illuminate\\Routing\\Router.php(467): Illuminate\\Routing\\Router->loadRoutes(Object(Closure))
#29 D:\\laragon\\www\\FilamentBasicProductCatalog\\vendor\\laravel\\framework\\src\\Illuminate\\Routing\\RouteRegistrar.php(199): Illuminate\\Routing\\Router->group(Array, Object(Closure))
#30 D:\\laragon\\www\\FilamentBasicProductCatalog\\vendor\\filament\\filament\\routes\\web.php(12): Illuminate\\Routing\\RouteRegistrar->group(Object(Closure))
#31 D:\\laragon\\www\\FilamentBasicProductCatalog\\vendor\\laravel\\framework\\src\\Illuminate\\Support\\ServiceProvider.php(195): require('D:\\\\laragon\\\\www\\\\...')
#32 D:\\laragon\\www\\FilamentBasicProductCatalog\\vendor\\spatie\\laravel-package-tools\\src\\PackageServiceProvider.php(152): Illuminate\\Support\\ServiceProvider->loadRoutesFrom('D:\\\\laragon\\\\www\\\\...')
#33 D:\\laragon\\www\\FilamentBasicProductCatalog\\vendor\\laravel\\framework\\src\\Illuminate\\Container\\BoundMethod.php(36): Spatie\\LaravelPackageTools\\PackageServiceProvider->boot()
#34 D:\\laragon\\www\\FilamentBasicProductCatalog\\vendor\\laravel\\framework\\src\\Illuminate\\Container\\Util.php(43): Illuminate\\Container\\BoundMethod::Illuminate\\Container\\{closure}()
#35 D:\\laragon\\www\\FilamentBasicProductCatalog\\vendor\\laravel\\framework\\src\\Illuminate\\Container\\BoundMethod.php(95): Illuminate\\Container\\Util::unwrapIfClosure(Object(Closure))
#36 D:\\laragon\\www\\FilamentBasicProductCatalog\\vendor\\laravel\\framework\\src\\Illuminate\\Container\\BoundMethod.php(35): Illuminate\\Container\\BoundMethod::callBoundMethod(Object(Illuminate\\Foundation\\Application), Array, Object(Closure))
#37 D:\\laragon\\www\\FilamentBasicProductCatalog\\vendor\\laravel\\framework\\src\\Illuminate\\Container\\Container.php(694): Illuminate\\Container\\BoundMethod::call(Object(Illuminate\\Foundation\\Application), Array, Array, NULL)
#38 D:\\laragon\\www\\FilamentBasicProductCatalog\\vendor\\laravel\\framework\\src\\Illuminate\\Foundation\\Application.php(1121): Illuminate\\Container\\Container->call(Array)
#39 D:\\laragon\\www\\FilamentBasicProductCatalog\\vendor\\laravel\\framework\\src\\Illuminate\\Foundation\\Application.php(1102): Illuminate\\Foundation\\Application->bootProvider(Object(Filament\\FilamentServiceProvider))
#40 [internal function]: Illuminate\\Foundation\\Application->Illuminate\\Foundation\\{closure}(Object(Filament\\FilamentServiceProvider), 'Filament\\\\Filame...')
#41 D:\\laragon\\www\\FilamentBasicProductCatalog\\vendor\\laravel\\framework\\src\\Illuminate\\Foundation\\Application.php(1101): array_walk(Array, Object(Closure))
#42 D:\\laragon\\www\\FilamentBasicProductCatalog\\vendor\\laravel\\framework\\src\\Illuminate\\Foundation\\Bootstrap\\BootProviders.php(17): Illuminate\\Foundation\\Application->boot()
#43 D:\\laragon\\www\\FilamentBasicProductCatalog\\vendor\\laravel\\framework\\src\\Illuminate\\Foundation\\Application.php(316): Illuminate\\Foundation\\Bootstrap\\BootProviders->bootstrap(Object(Illuminate\\Foundation\\Application))
#44 D:\\laragon\\www\\FilamentBasicProductCatalog\\vendor\\laravel\\framework\\src\\Illuminate\\Foundation\\Console\\Kernel.php(474): Illuminate\\Foundation\\Application->bootstrapWith(Array)
#45 D:\\laragon\\www\\FilamentBasicProductCatalog\\vendor\\laravel\\framework\\src\\Illuminate\\Foundation\\Console\\Kernel.php(196): Illuminate\\Foundation\\Console\\Kernel->bootstrap()
#46 Command line code(1): Illuminate\\Foundation\\Console\\Kernel->handle(Object(Symfony\\Component\\Console\\Input\\ArgvInput), Object(Symfony\\Component\\Console\\Output\\ConsoleOutput))
#47 {main}
"} 
[2024-12-13 10:29:30] local.ERROR: syntax error, unexpected token ",", expecting identifier or variable or "{" or "$" {"exception":"[object] (ParseError(code: 0): syntax error, unexpected token \",\", expecting identifier or variable or \"{\" or \"$\" at D:\\laragon\\www\\FilamentBasicProductCatalog\\app\\Filament\\Resources\\CategoryResource.php:87)
[stacktrace]
#0 D:\\laragon\\www\\FilamentBasicProductCatalog\\vendor\\composer\\ClassLoader.php(427): Composer\\Autoload\\{closure}('D:\\\\laragon\\\\www\\\\...')
#1 [internal function]: Composer\\Autoload\\ClassLoader->loadClass('App\\\\Filament\\\\Re...')
#2 D:\\laragon\\www\\FilamentBasicProductCatalog\\vendor\\filament\\filament\\src\\Panel\\Concerns\\HasComponents.php(438): class_exists('App\\\\Filament\\\\Re...')
#3 D:\\laragon\\www\\FilamentBasicProductCatalog\\vendor\\filament\\filament\\src\\Panel\\Concerns\\HasComponents.php(293): Filament\\Panel->discoverComponents('Filament\\\\Resour...', Array, 'D:\\\\laragon\\\\www\\\\...', Object(Illuminate\\Support\\Stringable))
#4 D:\\laragon\\www\\FilamentBasicProductCatalog\\app\\Providers\\Filament\\AdminPanelProvider.php(33): Filament\\Panel->discoverResources('D:\\\\laragon\\\\www\\\\...', 'App\\\\Filament\\\\Re...')
#5 D:\\laragon\\www\\FilamentBasicProductCatalog\\vendor\\filament\\filament\\src\\PanelProvider.php(15): App\\Providers\\Filament\\AdminPanelProvider->panel(Object(Filament\\Panel))
#6 D:\\laragon\\www\\FilamentBasicProductCatalog\\vendor\\laravel\\framework\\src\\Illuminate\\Collections\\helpers.php(236): Filament\\PanelProvider->Filament\\{closure}()
#7 D:\\laragon\\www\\FilamentBasicProductCatalog\\vendor\\filament\\filament\\src\\Facades\\Filament.php(140): value(Object(Closure))
#8 D:\\laragon\\www\\FilamentBasicProductCatalog\\vendor\\laravel\\framework\\src\\Illuminate\\Container\\Container.php(1417): Filament\\Facades\\Filament::Filament\\Facades\\{closure}(Object(Filament\\PanelRegistry), Object(Illuminate\\Foundation\\Application))
#9 D:\\laragon\\www\\FilamentBasicProductCatalog\\vendor\\laravel\\framework\\src\\Illuminate\\Container\\Container.php(1335): Illuminate\\Container\\Container->fireCallbackArray(Object(Filament\\PanelRegistry), Array)
#10 D:\\laragon\\www\\FilamentBasicProductCatalog\\vendor\\laravel\\framework\\src\\Illuminate\\Container\\Container.php(837): Illuminate\\Container\\Container->fireResolvingCallbacks('Filament\\\\PanelR...', Object(Filament\\PanelRegistry))
#11 D:\\laragon\\www\\FilamentBasicProductCatalog\\vendor\\laravel\\framework\\src\\Illuminate\\Foundation\\Application.php(1048): Illuminate\\Container\\Container->resolve('Filament\\\\PanelR...', Array, true)
#12 D:\\laragon\\www\\FilamentBasicProductCatalog\\vendor\\laravel\\framework\\src\\Illuminate\\Container\\Container.php(755): Illuminate\\Foundation\\Application->resolve('Filament\\\\PanelR...', Array)
#13 D:\\laragon\\www\\FilamentBasicProductCatalog\\vendor\\laravel\\framework\\src\\Illuminate\\Foundation\\Application.php(1030): Illuminate\\Container\\Container->make('Filament\\\\PanelR...', Array)
#14 D:\\laragon\\www\\FilamentBasicProductCatalog\\vendor\\laravel\\framework\\src\\Illuminate\\Foundation\\helpers.php(124): Illuminate\\Foundation\\Application->make('Filament\\\\PanelR...', Array)
#15 D:\\laragon\\www\\FilamentBasicProductCatalog\\vendor\\filament\\filament\\src\\FilamentManager.php(51): app('Filament\\\\PanelR...')
#16 D:\\laragon\\www\\FilamentBasicProductCatalog\\vendor\\filament\\filament\\src\\FilamentServiceProvider.php(48): Filament\\FilamentManager->__construct()
#17 D:\\laragon\\www\\FilamentBasicProductCatalog\\vendor\\laravel\\framework\\src\\Illuminate\\Container\\Container.php(937): Filament\\FilamentServiceProvider->Filament\\{closure}(Object(Illuminate\\Foundation\\Application), Array)
#18 D:\\laragon\\www\\FilamentBasicProductCatalog\\vendor\\laravel\\framework\\src\\Illuminate\\Container\\Container.php(819): Illuminate\\Container\\Container->build(Object(Closure))
#19 D:\\laragon\\www\\FilamentBasicProductCatalog\\vendor\\laravel\\framework\\src\\Illuminate\\Foundation\\Application.php(1048): Illuminate\\Container\\Container->resolve('filament', Array, true)
#20 D:\\laragon\\www\\FilamentBasicProductCatalog\\vendor\\laravel\\framework\\src\\Illuminate\\Container\\Container.php(755): Illuminate\\Foundation\\Application->resolve('filament', Array)
#21 D:\\laragon\\www\\FilamentBasicProductCatalog\\vendor\\laravel\\framework\\src\\Illuminate\\Foundation\\Application.php(1030): Illuminate\\Container\\Container->make('filament', Array)
#22 D:\\laragon\\www\\FilamentBasicProductCatalog\\vendor\\laravel\\framework\\src\\Illuminate\\Container\\Container.php(1565): Illuminate\\Foundation\\Application->make('filament')
#23 D:\\laragon\\www\\FilamentBasicProductCatalog\\vendor\\laravel\\framework\\src\\Illuminate\\Support\\Facades\\Facade.php(238): Illuminate\\Container\\Container->offsetGet('filament')
#24 D:\\laragon\\www\\FilamentBasicProductCatalog\\vendor\\laravel\\framework\\src\\Illuminate\\Support\\Facades\\Facade.php(209): Illuminate\\Support\\Facades\\Facade::resolveFacadeInstance('filament')
#25 D:\\laragon\\www\\FilamentBasicProductCatalog\\vendor\\laravel\\framework\\src\\Illuminate\\Support\\Facades\\Facade.php(353): Illuminate\\Support\\Facades\\Facade::getFacadeRoot()
#26 D:\\laragon\\www\\FilamentBasicProductCatalog\\vendor\\filament\\filament\\routes\\web.php(13): Illuminate\\Support\\Facades\\Facade::__callStatic('getPanels', Array)
#27 D:\\laragon\\www\\FilamentBasicProductCatalog\\vendor\\laravel\\framework\\src\\Illuminate\\Routing\\Router.php(511): Illuminate\\Support\\ServiceProvider->{closure}(Object(Illuminate\\Routing\\Router))
#28 D:\\laragon\\www\\FilamentBasicProductCatalog\\vendor\\laravel\\framework\\src\\Illuminate\\Routing\\Router.php(467): Illuminate\\Routing\\Router->loadRoutes(Object(Closure))
#29 D:\\laragon\\www\\FilamentBasicProductCatalog\\vendor\\laravel\\framework\\src\\Illuminate\\Routing\\RouteRegistrar.php(199): Illuminate\\Routing\\Router->group(Array, Object(Closure))
#30 D:\\laragon\\www\\FilamentBasicProductCatalog\\vendor\\filament\\filament\\routes\\web.php(12): Illuminate\\Routing\\RouteRegistrar->group(Object(Closure))
#31 D:\\laragon\\www\\FilamentBasicProductCatalog\\vendor\\laravel\\framework\\src\\Illuminate\\Support\\ServiceProvider.php(195): require('D:\\\\laragon\\\\www\\\\...')
#32 D:\\laragon\\www\\FilamentBasicProductCatalog\\vendor\\spatie\\laravel-package-tools\\src\\PackageServiceProvider.php(152): Illuminate\\Support\\ServiceProvider->loadRoutesFrom('D:\\\\laragon\\\\www\\\\...')
#33 D:\\laragon\\www\\FilamentBasicProductCatalog\\vendor\\laravel\\framework\\src\\Illuminate\\Container\\BoundMethod.php(36): Spatie\\LaravelPackageTools\\PackageServiceProvider->boot()
#34 D:\\laragon\\www\\FilamentBasicProductCatalog\\vendor\\laravel\\framework\\src\\Illuminate\\Container\\Util.php(43): Illuminate\\Container\\BoundMethod::Illuminate\\Container\\{closure}()
#35 D:\\laragon\\www\\FilamentBasicProductCatalog\\vendor\\laravel\\framework\\src\\Illuminate\\Container\\BoundMethod.php(95): Illuminate\\Container\\Util::unwrapIfClosure(Object(Closure))
#36 D:\\laragon\\www\\FilamentBasicProductCatalog\\vendor\\laravel\\framework\\src\\Illuminate\\Container\\BoundMethod.php(35): Illuminate\\Container\\BoundMethod::callBoundMethod(Object(Illuminate\\Foundation\\Application), Array, Object(Closure))
#37 D:\\laragon\\www\\FilamentBasicProductCatalog\\vendor\\laravel\\framework\\src\\Illuminate\\Container\\Container.php(694): Illuminate\\Container\\BoundMethod::call(Object(Illuminate\\Foundation\\Application), Array, Array, NULL)
#38 D:\\laragon\\www\\FilamentBasicProductCatalog\\vendor\\laravel\\framework\\src\\Illuminate\\Foundation\\Application.php(1121): Illuminate\\Container\\Container->call(Array)
#39 D:\\laragon\\www\\FilamentBasicProductCatalog\\vendor\\laravel\\framework\\src\\Illuminate\\Foundation\\Application.php(1102): Illuminate\\Foundation\\Application->bootProvider(Object(Filament\\FilamentServiceProvider))
#40 [internal function]: Illuminate\\Foundation\\Application->Illuminate\\Foundation\\{closure}(Object(Filament\\FilamentServiceProvider), 'Filament\\\\Filame...')
#41 D:\\laragon\\www\\FilamentBasicProductCatalog\\vendor\\laravel\\framework\\src\\Illuminate\\Foundation\\Application.php(1101): array_walk(Array, Object(Closure))
#42 D:\\laragon\\www\\FilamentBasicProductCatalog\\vendor\\laravel\\framework\\src\\Illuminate\\Foundation\\Bootstrap\\BootProviders.php(17): Illuminate\\Foundation\\Application->boot()
#43 D:\\laragon\\www\\FilamentBasicProductCatalog\\vendor\\laravel\\framework\\src\\Illuminate\\Foundation\\Application.php(316): Illuminate\\Foundation\\Bootstrap\\BootProviders->bootstrap(Object(Illuminate\\Foundation\\Application))
#44 D:\\laragon\\www\\FilamentBasicProductCatalog\\vendor\\laravel\\framework\\src\\Illuminate\\Foundation\\Console\\Kernel.php(474): Illuminate\\Foundation\\Application->bootstrapWith(Array)
#45 D:\\laragon\\www\\FilamentBasicProductCatalog\\vendor\\laravel\\framework\\src\\Illuminate\\Foundation\\Console\\Kernel.php(196): Illuminate\\Foundation\\Console\\Kernel->bootstrap()
#46 Command line code(1): Illuminate\\Foundation\\Console\\Kernel->handle(Object(Symfony\\Component\\Console\\Input\\ArgvInput), Object(Symfony\\Component\\Console\\Output\\ConsoleOutput))
#47 {main}
"} 
[2024-12-13 10:29:30] local.ERROR: syntax error, unexpected token ",", expecting identifier or variable or "{" or "$" {"exception":"[object] (ParseError(code: 0): syntax error, unexpected token \",\", expecting identifier or variable or \"{\" or \"$\" at D:\\laragon\\www\\FilamentBasicProductCatalog\\app\\Filament\\Resources\\CategoryResource.php:87)
[stacktrace]
#0 D:\\laragon\\www\\FilamentBasicProductCatalog\\vendor\\composer\\ClassLoader.php(427): Composer\\Autoload\\{closure}('D:\\\\laragon\\\\www\\\\...')
#1 [internal function]: Composer\\Autoload\\ClassLoader->loadClass('App\\\\Filament\\\\Re...')
#2 D:\\laragon\\www\\FilamentBasicProductCatalog\\vendor\\filament\\filament\\src\\Panel\\Concerns\\HasComponents.php(438): class_exists('App\\\\Filament\\\\Re...')
#3 D:\\laragon\\www\\FilamentBasicProductCatalog\\vendor\\filament\\filament\\src\\Panel\\Concerns\\HasComponents.php(293): Filament\\Panel->discoverComponents('Filament\\\\Resour...', Array, 'D:\\\\laragon\\\\www\\\\...', Object(Illuminate\\Support\\Stringable))
#4 D:\\laragon\\www\\FilamentBasicProductCatalog\\app\\Providers\\Filament\\AdminPanelProvider.php(33): Filament\\Panel->discoverResources('D:\\\\laragon\\\\www\\\\...', 'App\\\\Filament\\\\Re...')
#5 D:\\laragon\\www\\FilamentBasicProductCatalog\\vendor\\filament\\filament\\src\\PanelProvider.php(15): App\\Providers\\Filament\\AdminPanelProvider->panel(Object(Filament\\Panel))
#6 D:\\laragon\\www\\FilamentBasicProductCatalog\\vendor\\laravel\\framework\\src\\Illuminate\\Collections\\helpers.php(236): Filament\\PanelProvider->Filament\\{closure}()
#7 D:\\laragon\\www\\FilamentBasicProductCatalog\\vendor\\filament\\filament\\src\\Facades\\Filament.php(140): value(Object(Closure))
#8 D:\\laragon\\www\\FilamentBasicProductCatalog\\vendor\\laravel\\framework\\src\\Illuminate\\Container\\Container.php(1417): Filament\\Facades\\Filament::Filament\\Facades\\{closure}(Object(Filament\\PanelRegistry), Object(Illuminate\\Foundation\\Application))
#9 D:\\laragon\\www\\FilamentBasicProductCatalog\\vendor\\laravel\\framework\\src\\Illuminate\\Container\\Container.php(1335): Illuminate\\Container\\Container->fireCallbackArray(Object(Filament\\PanelRegistry), Array)
#10 D:\\laragon\\www\\FilamentBasicProductCatalog\\vendor\\laravel\\framework\\src\\Illuminate\\Container\\Container.php(837): Illuminate\\Container\\Container->fireResolvingCallbacks('Filament\\\\PanelR...', Object(Filament\\PanelRegistry))
#11 D:\\laragon\\www\\FilamentBasicProductCatalog\\vendor\\laravel\\framework\\src\\Illuminate\\Foundation\\Application.php(1048): Illuminate\\Container\\Container->resolve('Filament\\\\PanelR...', Array, true)
#12 D:\\laragon\\www\\FilamentBasicProductCatalog\\vendor\\laravel\\framework\\src\\Illuminate\\Container\\Container.php(755): Illuminate\\Foundation\\Application->resolve('Filament\\\\PanelR...', Array)
#13 D:\\laragon\\www\\FilamentBasicProductCatalog\\vendor\\laravel\\framework\\src\\Illuminate\\Foundation\\Application.php(1030): Illuminate\\Container\\Container->make('Filament\\\\PanelR...', Array)
#14 D:\\laragon\\www\\FilamentBasicProductCatalog\\vendor\\laravel\\framework\\src\\Illuminate\\Foundation\\helpers.php(124): Illuminate\\Foundation\\Application->make('Filament\\\\PanelR...', Array)
#15 D:\\laragon\\www\\FilamentBasicProductCatalog\\vendor\\filament\\filament\\src\\FilamentManager.php(51): app('Filament\\\\PanelR...')
#16 D:\\laragon\\www\\FilamentBasicProductCatalog\\vendor\\filament\\filament\\src\\FilamentServiceProvider.php(48): Filament\\FilamentManager->__construct()
#17 D:\\laragon\\www\\FilamentBasicProductCatalog\\vendor\\laravel\\framework\\src\\Illuminate\\Container\\Container.php(937): Filament\\FilamentServiceProvider->Filament\\{closure}(Object(Illuminate\\Foundation\\Application), Array)
#18 D:\\laragon\\www\\FilamentBasicProductCatalog\\vendor\\laravel\\framework\\src\\Illuminate\\Container\\Container.php(819): Illuminate\\Container\\Container->build(Object(Closure))
#19 D:\\laragon\\www\\FilamentBasicProductCatalog\\vendor\\laravel\\framework\\src\\Illuminate\\Foundation\\Application.php(1048): Illuminate\\Container\\Container->resolve('filament', Array, true)
#20 D:\\laragon\\www\\FilamentBasicProductCatalog\\vendor\\laravel\\framework\\src\\Illuminate\\Container\\Container.php(755): Illuminate\\Foundation\\Application->resolve('filament', Array)
#21 D:\\laragon\\www\\FilamentBasicProductCatalog\\vendor\\laravel\\framework\\src\\Illuminate\\Foundation\\Application.php(1030): Illuminate\\Container\\Container->make('filament', Array)
#22 D:\\laragon\\www\\FilamentBasicProductCatalog\\vendor\\laravel\\framework\\src\\Illuminate\\Container\\Container.php(1565): Illuminate\\Foundation\\Application->make('filament')
#23 D:\\laragon\\www\\FilamentBasicProductCatalog\\vendor\\laravel\\framework\\src\\Illuminate\\Support\\Facades\\Facade.php(238): Illuminate\\Container\\Container->offsetGet('filament')
#24 D:\\laragon\\www\\FilamentBasicProductCatalog\\vendor\\laravel\\framework\\src\\Illuminate\\Support\\Facades\\Facade.php(209): Illuminate\\Support\\Facades\\Facade::resolveFacadeInstance('filament')
#25 D:\\laragon\\www\\FilamentBasicProductCatalog\\vendor\\laravel\\framework\\src\\Illuminate\\Support\\Facades\\Facade.php(353): Illuminate\\Support\\Facades\\Facade::getFacadeRoot()
#26 D:\\laragon\\www\\FilamentBasicProductCatalog\\vendor\\filament\\filament\\routes\\web.php(13): Illuminate\\Support\\Facades\\Facade::__callStatic('getPanels', Array)
#27 D:\\laragon\\www\\FilamentBasicProductCatalog\\vendor\\laravel\\framework\\src\\Illuminate\\Routing\\Router.php(511): Illuminate\\Support\\ServiceProvider->{closure}(Object(Illuminate\\Routing\\Router))
#28 D:\\laragon\\www\\FilamentBasicProductCatalog\\vendor\\laravel\\framework\\src\\Illuminate\\Routing\\Router.php(467): Illuminate\\Routing\\Router->loadRoutes(Object(Closure))
#29 D:\\laragon\\www\\FilamentBasicProductCatalog\\vendor\\laravel\\framework\\src\\Illuminate\\Routing\\RouteRegistrar.php(199): Illuminate\\Routing\\Router->group(Array, Object(Closure))
#30 D:\\laragon\\www\\FilamentBasicProductCatalog\\vendor\\filament\\filament\\routes\\web.php(12): Illuminate\\Routing\\RouteRegistrar->group(Object(Closure))
#31 D:\\laragon\\www\\FilamentBasicProductCatalog\\vendor\\laravel\\framework\\src\\Illuminate\\Support\\ServiceProvider.php(195): require('D:\\\\laragon\\\\www\\\\...')
#32 D:\\laragon\\www\\FilamentBasicProductCatalog\\vendor\\spatie\\laravel-package-tools\\src\\PackageServiceProvider.php(152): Illuminate\\Support\\ServiceProvider->loadRoutesFrom('D:\\\\laragon\\\\www\\\\...')
#33 D:\\laragon\\www\\FilamentBasicProductCatalog\\vendor\\laravel\\framework\\src\\Illuminate\\Container\\BoundMethod.php(36): Spatie\\LaravelPackageTools\\PackageServiceProvider->boot()
#34 D:\\laragon\\www\\FilamentBasicProductCatalog\\vendor\\laravel\\framework\\src\\Illuminate\\Container\\Util.php(43): Illuminate\\Container\\BoundMethod::Illuminate\\Container\\{closure}()
#35 D:\\laragon\\www\\FilamentBasicProductCatalog\\vendor\\laravel\\framework\\src\\Illuminate\\Container\\BoundMethod.php(95): Illuminate\\Container\\Util::unwrapIfClosure(Object(Closure))
#36 D:\\laragon\\www\\FilamentBasicProductCatalog\\vendor\\laravel\\framework\\src\\Illuminate\\Container\\BoundMethod.php(35): Illuminate\\Container\\BoundMethod::callBoundMethod(Object(Illuminate\\Foundation\\Application), Array, Object(Closure))
#37 D:\\laragon\\www\\FilamentBasicProductCatalog\\vendor\\laravel\\framework\\src\\Illuminate\\Container\\Container.php(694): Illuminate\\Container\\BoundMethod::call(Object(Illuminate\\Foundation\\Application), Array, Array, NULL)
#38 D:\\laragon\\www\\FilamentBasicProductCatalog\\vendor\\laravel\\framework\\src\\Illuminate\\Foundation\\Application.php(1121): Illuminate\\Container\\Container->call(Array)
#39 D:\\laragon\\www\\FilamentBasicProductCatalog\\vendor\\laravel\\framework\\src\\Illuminate\\Foundation\\Application.php(1102): Illuminate\\Foundation\\Application->bootProvider(Object(Filament\\FilamentServiceProvider))
#40 [internal function]: Illuminate\\Foundation\\Application->Illuminate\\Foundation\\{closure}(Object(Filament\\FilamentServiceProvider), 'Filament\\\\Filame...')
#41 D:\\laragon\\www\\FilamentBasicProductCatalog\\vendor\\laravel\\framework\\src\\Illuminate\\Foundation\\Application.php(1101): array_walk(Array, Object(Closure))
#42 D:\\laragon\\www\\FilamentBasicProductCatalog\\vendor\\laravel\\framework\\src\\Illuminate\\Foundation\\Bootstrap\\BootProviders.php(17): Illuminate\\Foundation\\Application->boot()
#43 D:\\laragon\\www\\FilamentBasicProductCatalog\\vendor\\laravel\\framework\\src\\Illuminate\\Foundation\\Application.php(316): Illuminate\\Foundation\\Bootstrap\\BootProviders->bootstrap(Object(Illuminate\\Foundation\\Application))
#44 D:\\laragon\\www\\FilamentBasicProductCatalog\\vendor\\laravel\\framework\\src\\Illuminate\\Foundation\\Console\\Kernel.php(474): Illuminate\\Foundation\\Application->bootstrapWith(Array)
#45 D:\\laragon\\www\\FilamentBasicProductCatalog\\vendor\\laravel\\framework\\src\\Illuminate\\Foundation\\Console\\Kernel.php(196): Illuminate\\Foundation\\Console\\Kernel->bootstrap()
#46 Command line code(1): Illuminate\\Foundation\\Console\\Kernel->handle(Object(Symfony\\Component\\Console\\Input\\ArgvInput), Object(Symfony\\Component\\Console\\Output\\ConsoleOutput))
#47 {main}
"} 
